
> monsbah@0.1.0 build
> next build

   ▲ Next.js 15.5.2
   - Environments: .env
   - Experiments (use with caution):
     ✓ optimizeCss
     · optimizePackageImports

   Creating an optimized production build ...
 ✓ Compiled successfully in 12.4s
   Linting and checking validity of types ...
   Collecting page data ...
   Generating static pages (0/356) ...
   Generating static pages (89/356) 
   Generating static pages (178/356) 
   Generating static pages (267/356) 
 ✓ Generating static pages (356/356)
   Finalizing page optimization ...
   Collecting build traces ...

Route (app)                                                         Size  First Load JS
┌ ○ /_not-found                                                     1 kB         103 kB
├ ● /[country-locale]                                            2.02 kB         265 kB
├   ├ /sa-ar
├   ├ /sa-en
├   ├ /kw-ar
├   └ [+9 more paths]
├ ƒ /[country-locale]/[...not-found]                               195 B         102 kB
├ ƒ /[country-locale]/[category]                                 2.29 kB         265 kB
├ ƒ /[country-locale]/[category]/[subcategory]                     247 B         263 kB
├ ● /[country-locale]/about                                      1.99 kB         121 kB
├   ├ /sa-ar/about
├   ├ /sa-en/about
├   ├ /kw-ar/about
├   └ [+9 more paths]
├ ● /[country-locale]/add-company-product                        2.25 kB         192 kB
├   ├ /sa-ar/add-company-product
├   ├ /sa-en/add-company-product
├   ├ /kw-ar/add-company-product
├   └ [+9 more paths]
├ ƒ /[country-locale]/add-company-product/[id]                   2.25 kB         192 kB
├ ● /[country-locale]/blogs                                      1.99 kB         121 kB
├   ├ /sa-ar/blogs
├   ├ /sa-en/blogs
├   ├ /kw-ar/blogs
├   └ [+9 more paths]
├ ƒ /[country-locale]/blogs/[slug]                               2.19 kB         122 kB
├ ƒ /[country-locale]/blogs/sitemap-v2                             195 B         102 kB
├ ● /[country-locale]/categories                                 1.89 kB         127 kB
├   ├ /sa-ar/categories
├   ├ /sa-en/categories
├   ├ /kw-ar/categories
├   └ [+9 more paths]
├ ƒ /[country-locale]/categories/sitemap-[categories]              195 B         102 kB
├ ƒ /[country-locale]/categories/sitemap-v2                        195 B         102 kB
├ ● /[country-locale]/chats                                       188 kB         367 kB
├   ├ /sa-ar/chats
├   ├ /sa-en/chats
├   ├ /kw-ar/chats
├   └ [+9 more paths]
├ ● /[country-locale]/companies                                  2.18 kB         256 kB
├   ├ /sa-ar/companies
├   ├ /sa-en/companies
├   ├ /kw-ar/companies
├   └ [+9 more paths]
├ ● /[country-locale]/companies/[category].backup                2.17 kB         242 kB
├ ƒ /[country-locale]/companies/[category].backup/[subcategory]  2.73 kB         253 kB
├ ƒ /[country-locale]/company-details/[slug]                     2.19 kB         189 kB
├ ● /[country-locale]/company-favorites                          3.98 kB         175 kB
├   ├ /sa-ar/company-favorites
├   ├ /sa-en/company-favorites
├   ├ /kw-ar/company-favorites
├   └ [+9 more paths]
├ ● /[country-locale]/company-notification                       2.13 kB         159 kB
├   ├ /sa-ar/company-notification
├   ├ /sa-en/company-notification
├   ├ /kw-ar/company-notification
├   └ [+9 more paths]
├ ƒ /[country-locale]/company-product/[productSlug]              1.44 kB         259 kB
├ ● /[country-locale]/company-profile                            2.19 kB         189 kB
├   ├ /sa-ar/company-profile
├   ├ /sa-en/company-profile
├   ├ /kw-ar/company-profile
├   └ [+9 more paths]
├ ● /[country-locale]/company-verification                         188 B         190 kB
├   ├ /sa-ar/company-verification
├   ├ /sa-en/company-verification
├   ├ /kw-ar/company-verification
├   └ [+9 more paths]
├ ● /[country-locale]/contact                                    5.42 kB         189 kB
├   ├ /sa-ar/contact
├   ├ /sa-en/contact
├   ├ /kw-ar/contact
├   └ [+9 more paths]
├ ● /[country-locale]/edit-company-profile                       5.04 kB         220 kB
├   ├ /sa-ar/edit-company-profile
├   ├ /sa-en/edit-company-profile
├   ├ /kw-ar/edit-company-profile
├   └ [+9 more paths]
├ ● /[country-locale]/followers                                  2.49 kB         169 kB
├   ├ /sa-ar/followers
├   ├ /sa-en/followers
├   ├ /kw-ar/followers
├   └ [+9 more paths]
├ ● /[country-locale]/followers/followings                       2.49 kB         169 kB
├   ├ /sa-ar/followers/followings
├   ├ /sa-en/followers/followings
├   ├ /kw-ar/followers/followings
├   └ [+9 more paths]
├ ƒ /[country-locale]/product/[productSlug]                        227 B         258 kB
├ ƒ /[country-locale]/products/[index]                             195 B         102 kB
├ ƒ /[country-locale]/products/[sitemap].xml                       195 B         102 kB
├ ƒ /[country-locale]/products/sitemap[index].xml                  195 B         102 kB
├ ● /[country-locale]/profile                                    3.81 kB         147 kB
├   ├ /sa-ar/profile
├   ├ /sa-en/profile
├   ├ /kw-ar/profile
├   └ [+9 more paths]
├ ● /[country-locale]/profile/addAd                                148 B         193 kB
├   ├ /sa-ar/profile/addAd
├   ├ /sa-en/profile/addAd
├   ├ /kw-ar/profile/addAd
├   └ [+9 more paths]
├ ƒ /[country-locale]/profile/addAd/[id]                           148 B         193 kB
├ ● /[country-locale]/profile/ads                                5.45 kB         180 kB
├   ├ /sa-ar/profile/ads
├   ├ /sa-en/profile/ads
├   ├ /kw-ar/profile/ads
├   └ [+9 more paths]
├ ● /[country-locale]/profile/favorites                          3.86 kB         175 kB
├   ├ /sa-ar/profile/favorites
├   ├ /sa-en/profile/favorites
├   ├ /kw-ar/profile/favorites
├   └ [+9 more paths]
├ ● /[country-locale]/profile/notifications                      2.19 kB         159 kB
├   ├ /sa-ar/profile/notifications
├   ├ /sa-en/profile/notifications
├   ├ /kw-ar/profile/notifications
├   └ [+9 more paths]
├ ● /[country-locale]/profile/settings                           4.44 kB         213 kB
├   ├ /sa-ar/profile/settings
├   ├ /sa-en/profile/settings
├   ├ /kw-ar/profile/settings
├   └ [+9 more paths]
├ ● /[country-locale]/profile/verification                         306 B         190 kB
├   ├ /sa-ar/profile/verification
├   ├ /sa-en/profile/verification
├   ├ /kw-ar/profile/verification
├   └ [+9 more paths]
├ ƒ /[country-locale]/robots.txt                                   195 B         102 kB
├ ● /[country-locale]/search                                     3.76 kB         175 kB
├   ├ /sa-ar/search
├   ├ /sa-en/search
├   ├ /kw-ar/search
├   └ [+9 more paths]
├ ● /[country-locale]/search/companies                           8.94 kB         171 kB
├   ├ /sa-ar/search/companies
├   ├ /sa-en/search/companies
├   ├ /kw-ar/search/companies
├   └ [+9 more paths]
├ ● /[country-locale]/search/companies-ads                       5.93 kB         177 kB
├   ├ /sa-ar/search/companies-ads
├   ├ /sa-en/search/companies-ads
├   ├ /kw-ar/search/companies-ads
├   └ [+9 more paths]
├ ● /[country-locale]/search/persons                             2.48 kB         169 kB
├   ├ /sa-ar/search/persons
├   ├ /sa-en/search/persons
├   ├ /kw-ar/search/persons
├   └ [+9 more paths]
├ ● /[country-locale]/sections                                   1.89 kB         127 kB
├   ├ /sa-ar/sections
├   ├ /sa-en/sections
├   ├ /kw-ar/sections
├   └ [+9 more paths]
├ ƒ /[country-locale]/sitemap-blogs.xml                            195 B         102 kB
├ ƒ /[country-locale]/sitemap-categories.xml                       195 B         102 kB
├ ƒ /[country-locale]/sitemap-companies.xml                        195 B         102 kB
├ ƒ /[country-locale]/sitemap-static.xml                           195 B         102 kB
├ ƒ /[country-locale]/sitemap.xml                                  195 B         102 kB
├ ● /[country-locale]/sitemaps                                     166 B         105 kB
├   ├ /sa-ar/sitemaps
├   ├ /sa-en/sitemaps
├   ├ /kw-ar/sitemaps
├   └ [+9 more paths]
├ ƒ /[country-locale]/sitemaps/[filename]                          195 B         102 kB
├ ● /[country-locale]/terms-and-conditions                         285 B         116 kB
├   ├ /sa-ar/terms-and-conditions
├   ├ /sa-en/terms-and-conditions
├   ├ /kw-ar/terms-and-conditions
├   └ [+9 more paths]
├ ƒ /[country-locale]/user-profile/[id]                          3.05 kB         163 kB
├ ƒ /api/login                                                     285 B         116 kB
├ ƒ /api/profile                                                   285 B         116 kB
├ ƒ /api/sitemap/invalidate                                        195 B         102 kB
├ ƒ /api/test-companies-structure                                  195 B         102 kB
├ ƒ /api/test-direct-api                                           195 B         102 kB
├ ƒ /api/test-filename/[filename]                                  195 B         102 kB
├ ƒ /api/warm-cache                                                195 B         102 kB
├ ƒ /robots.txt                                                    195 B         102 kB
├ ƒ /sitemap-image/[index]                                         195 B         102 kB
├ ƒ /sitemap-images.xml                                            195 B         102 kB
├ ƒ /sitemap-news.xml                                              195 B         102 kB
└ ƒ /sitemap.xml                                                   195 B         102 kB
+ First Load JS shared by all                                     102 kB
  ├ chunks/1255-d3af4a8874345c17.js                              45.5 kB
  ├ chunks/4bd1b696-100b9d70ed4e49c1.js                          54.2 kB
  └ other shared chunks (total)                                  2.01 kB


ƒ Middleware                                                     46.2 kB

○  (Static)   prerendered as static content
●  (SSG)      prerendered as static HTML (uses generateStaticParams)
ƒ  (Dynamic)  server-rendered on demand

